<?xml version="1.0" encoding="utf-8"?><testsuites name="pytest tests"><testsuite name="pytest" errors="0" failures="0" skipped="0" tests="30" time="19.804" timestamp="2026-01-14T16:25:10.871816+01:00" hostname="gpd"><testcase classname="tests.test_asyncio" name="test_0010" time="3.006" /><testcase classname="tests.test_asyncio" name="test_0020" time="2.005" /><testcase classname="tests.test_asyncio" name="test_0030" time="1.004" /><testcase classname="tests.test_fastapi" name="test_00100" time="0.393" /><testcase classname="tests.test_fastapi" name="test_00110" time="0.346" /><testcase classname="tests.test_fastapi" name="test_00120" time="0.347" /><testcase classname="tests.test_fastapi" name="test_00130" time="0.345" /><testcase classname="tests.test_faststream" name="test_validation_str_ok" time="0.028" /><testcase classname="tests.test_faststream" name="test_validation_str_err" time="0.013" /><testcase classname="tests.test_faststream" name="test_connect_only" time="0.004" /><testcase classname="tests.test_faststream" name="test_sub_embed" time="0.005" /><testcase classname="tests.test_faststream" name="test_sub_embed_fixture" time="0.005" /><testcase classname="tests.test_faststream" name="test_pubsub_nats" time="0.013" /><testcase classname="tests.test_faststream" name="test_pubsub_nats_fixture" time="0.013" /><testcase classname="tests.test_fixture" name="test_world1pac" time="1.673" /><testcase classname="tests.test_fixture" name="test_world4pac" time="3.735" /><testcase classname="tests.test_nats" name="test_nats" time="0.013" /><testcase classname="tests.test_nats" name="test_nats_context_manager" time="0.009" /><testcase classname="tests.test_service_lifecycle.TestNatsServerLifecycle" name="test_01_nats_server_manual_lifecycle" time="0.009" /><testcase classname="tests.test_service_lifecycle.TestNatsServerLifecycle" name="test_02_nats_server_context_manager" time="0.009" /><testcase classname="tests.test_service_lifecycle.TestNatsServerLifecycle" name="test_02b_nats_server_context_wrapper" time="0.009" /><testcase classname="tests.test_service_lifecycle.TestBrokerConnection" name="test_03_broker_connection" time="0.011" /><testcase classname="tests.test_service_lifecycle.TestBrokerConnection" name="test_03b_broker_context_wrapper" time="0.011" /><testcase classname="tests.test_service_lifecycle.TestBrokerConnection" name="test_04_broker_pubsub_basic" time="0.028" /><testcase classname="tests.test_service_lifecycle.TestBrokerConnection" name="test_04b_broker_pubsub_wildcard" time="0.013" /><testcase classname="tests.test_test" name="test_dummy_async" time="0.001" /><testcase classname="tests.test_test" name="test_dummy" time="0.000" /><testcase classname="tests.test_world" name="test_world_default_0pa" time="0.003" /><testcase classname="tests.test_world" name="test_world_with_1pa" time="3.267" /><testcase classname="tests.test_world" name="test_world_with_4pa" time="3.416" /></testsuite></testsuites>