<?xml version="1.0" encoding="utf-8"?><testsuites name="pytest tests"><testsuite name="pytest" errors="1" failures="0" skipped="0" tests="1" time="0.451" timestamp="2026-01-12T16:23:17.797661+01:00" hostname="gpd"><testcase classname="" name="test_scenario" time="0.000"><error message="collection failure">ImportError while importing test module '/home/philippe/src/PA_Communautaire/packages/pac-bdd/test_scenario.py'.
Hint: make sure your test modules/packages have valid Python names.
Traceback:
../../../../.local/share/uv/python/cpython-3.13.2-linux-x86_64-gnu/lib/python3.13/importlib/__init__.py:88: in import_module
    return _bootstrap._gcd_import(name[level:], package, level)
           ^^^^^^^^^^^^^^^^^^^^^^^^^^^^^^^^^^^^^^^^^^^^^^^^^^^^
test_scenario.py:1: in &lt;module&gt;
    from pac_bdd.domain import *
src/pac_bdd/domain.py:1: in &lt;module&gt;
    from .api import *
src/pac_bdd/api.py:5: in &lt;module&gt;
    from pac0.shared.test.fixture import WorldContext, world1pac
E   ImportError: cannot import name 'WorldContext' from 'pac0.shared.test.fixture' (/home/philippe/src/PA_Communautaire/packages/pac0/src/pac0/shared/test/fixture.py)</error></testcase></testsuite></testsuites>